{"name": "test_fractional_value", "status": "failed", "statusDetails": {"message": "AssertionError: assert (1219.99 * 100) == 1219.99\n +  where 1219.99 = <built-in method get of dict object at 0x000001B71FC810C0>('value')\n +    where <built-in method get of dict object at 0x000001B71FC810C0> = {'actionForm': 'sendToken', 'secret': '2d$JHjqml=', 'value': 1219.99}.get", "trace": "@pytest.mark.api\n    # FORMS-03:\tВывод дробного значения\n    def test_fractional_value():\n        \"\"\"\n        Имеется блокирующий баг: FORMS-01\n        \"\"\"\n        payload = {\n            'actionForm': 'sendToken',\n            'secret': '2d$JHjqml=',\n            'value': 1219.99\n        }\n        r = requests.post(conftest.baseUrl, headers=conftest.headers, data=payload)\n        s = [float(s) for s in re.findall(r'-?\\d+\\.?\\d*', r.text)]\n        assert r.status_code == 200\n>       assert payload.get('value') * 100 == s[0]\nE       AssertionError: assert (1219.99 * 100) == 1219.99\nE        +  where 1219.99 = <built-in method get of dict object at 0x000001B71FC810C0>('value')\nE        +    where <built-in method get of dict object at 0x000001B71FC810C0> = {'actionForm': 'sendToken', 'secret': '2d$JHjqml=', 'value': 1219.99}.get\n\ntests\\API_UI_test.py:73: AssertionError"}, "description": "\n    Имеется блокирующий баг: FORMS-01\n    ", "start": 1687591291982, "stop": 1687591292343, "uuid": "61b1ccfc-75d8-4db2-a4fd-fd4729024c73", "historyId": "27a5e932877e61dbdc52d087df37b810", "testCaseId": "27a5e932877e61dbdc52d087df37b810", "fullName": "tests.API_UI_test#test_fractional_value", "labels": [{"name": "tag", "value": "api"}, {"name": "parentSuite", "value": "tests"}, {"name": "suite", "value": "API_UI_test"}, {"name": "host", "value": "Alex"}, {"name": "thread", "value": "12412-MainThread"}, {"name": "framework", "value": "pytest"}, {"name": "language", "value": "cpython3"}, {"name": "package", "value": "tests.API_UI_test"}]}